<?xml version="1.0" encoding="UTF-8"?>
<!-- Generated by org.testng.reporters.JUnitXMLReporter -->
<testsuite hostname="HP-HP" name="Elements of Selenium" tests="3" failures="1" timestamp="17 Feb 2018 19:38:44 GMT" time="54.331" errors="0">
  <testcase name="f" time="23.365" classname="com.naukri.executionEngine.Actions_class">
    <failure type="java.lang.NoSuchMethodError" message="org.openqa.selenium.support.ui.WebDriverWait.until(Ljava/util/function/Function;)Ljava/lang/Object;">
      <![CDATA[java.lang.NoSuchMethodError: org.openqa.selenium.support.ui.WebDriverWait.until(Ljava/util/function/Function;)Ljava/lang/Object;
	at com.naukri.executionEngine.Actions_class.f(Actions_class.java:27)
... Removed 23 stack frames]]>
    </failure>
  </testcase> <!-- f -->
  <testcase name="f" time="25.772" classname="com.naukri.executionEngine.Dynamic_Webtable"/>
  <testcase name="Logo" time="5.183" classname="com.naukri.executionEngine.Logo_google"/>
</testsuite> <!-- Elements of Selenium -->
