<?xml version="1.0" encoding="UTF-8"?>
<!-- Generated by org.testng.reporters.JUnitXMLReporter -->
<testsuite hostname="HP-HP" ignored="0" name="Command line test" tests="11" failures="0" timestamp="12 Mar 2018 17:24:42 GMT" time="276.014" errors="0">
  <testcase name="verifycontactlabeltest" time="0.178" classname="com.crm.qa.Testcases.ContactsPageTest"/>
  <testcase name="verifycontacttests" time="0.173" classname="com.crm.qa.Testcases.ContactsPageTest"/>
  <testcase name="VerifyHomePageTitleTest" time="0.015" classname="com.crm.qa.Testcases.HomePageTest"/>
  <testcase name="VerifyUserNameTest" time="0.519" classname="com.crm.qa.Testcases.HomePageTest"/>
  <testcase name="VerifycontactsinkTest" time="3.5" classname="com.crm.qa.Testcases.HomePageTest"/>
  <testcase name="LoginTest" time="13.643" classname="com.crm.qa.Testcases.LoginPageTest"/>
  <testcase name="LogoTest" time="0.252" classname="com.crm.qa.Testcases.LoginPageTest"/>
  <testcase name="loginpagetitleTest" time="0.017" classname="com.crm.qa.Testcases.LoginPageTest"/>
  <testcase name="validateCreateNewContacttest" time="10.674" classname="com.crm.qa.Testcases.ContactsPageTest"/>
  <testcase name="validateCreateNewContacttest" time="9.028" classname="com.crm.qa.Testcases.ContactsPageTest"/>
  <testcase name="validateCreateNewContacttest" time="7.331" classname="com.crm.qa.Testcases.ContactsPageTest"/>
</testsuite> <!-- Command line test -->
