<?xml version="1.0" encoding="UTF-8"?>
<!-- Generated by org.testng.reporters.JUnitXMLReporter -->
<testsuite hostname="HP-HP" name="Free CRM Testing" tests="11" failures="0" timestamp="10 Mar 2018 16:16:14 GMT" time="234.522" errors="0">
  <testcase name="verifycontactlabeltest" time="0.066" classname="com.crm.qa.Testcases.ContactsPageTests"/>
  <testcase name="verifycontacttests" time="0.124" classname="com.crm.qa.Testcases.ContactsPageTests"/>
  <testcase name="validateCreateNewContact" time="8.707" classname="com.crm.qa.Testcases.ContactsPageTests"/>
  <testcase name="validateCreateNewContact" time="4.323" classname="com.crm.qa.Testcases.ContactsPageTests"/>
  <testcase name="validateCreateNewContact" time="3.707" classname="com.crm.qa.Testcases.ContactsPageTests"/>
  <testcase name="VerifyHomePageTitleTest" time="0.008" classname="com.crm.qa.Testcases.HomePageTest"/>
  <testcase name="VerifycontactsinkTest" time="1.997" classname="com.crm.qa.Testcases.HomePageTest"/>
  <testcase name="VerifyUserNameTest" time="0.092" classname="com.crm.qa.Testcases.HomePageTest"/>
  <testcase name="Logo" time="0.053" classname="com.crm.qa.Testcases.LoginPageTest"/>
  <testcase name="loginpagetitle" time="0.011" classname="com.crm.qa.Testcases.LoginPageTest"/>
  <testcase name="LoginTest" time="9.815" classname="com.crm.qa.Testcases.LoginPageTest"/>
</testsuite> <!-- Free CRM Testing -->
