<?xml version="1.0" encoding="UTF-8"?>
<testng-results skipped="0" failed="0" total="1" passed="1">
  <reporter-output>
  </reporter-output>
  <suite name="Default suite" duration-ms="38302" started-at="2018-03-13T18:34:31Z" finished-at="2018-03-13T18:35:10Z">
    <groups>
    </groups>
    <test name="Default test" duration-ms="38302" started-at="2018-03-13T18:34:31Z" finished-at="2018-03-13T18:35:10Z">
      <class name="com.naukri.executionEngine.Actions_class">
        <test-method status="PASS" signature="f()[pri:0, instance:com.naukri.executionEngine.Actions_class@73035e27]" name="f" duration-ms="38286" started-at="2018-03-14T00:04:31Z" finished-at="2018-03-14T00:05:10Z">
          <reporter-output>
          </reporter-output>
        </test-method> <!-- f -->
      </class> <!-- com.naukri.executionEngine.Actions_class -->
    </test> <!-- Default test -->
  </suite> <!-- Default suite -->
</testng-results>
