<?xml version="1.0" encoding="UTF-8"?>
<testng-results skipped="0" failed="0" total="1" passed="1">
  <reporter-output>
  </reporter-output>
  <suite name="Default suite" duration-ms="55834" started-at="2018-03-21T17:43:11Z" finished-at="2018-03-21T17:44:07Z">
    <groups>
    </groups>
    <test name="Default test" duration-ms="55834" started-at="2018-03-21T17:43:11Z" finished-at="2018-03-21T17:44:07Z">
      <class name="com.naukri.executionEngine.Dropdown">
        <test-method status="PASS" signature="login()[pri:0, instance:com.naukri.executionEngine.Dropdown@2fc14f68]" name="login" duration-ms="55730" started-at="2018-03-21T23:13:11Z" finished-at="2018-03-21T23:14:07Z">
          <reporter-output>
          </reporter-output>
        </test-method> <!-- login -->
        <test-method status="PASS" signature="teardown()[pri:0, instance:com.naukri.executionEngine.Dropdown@2fc14f68]" name="teardown" is-config="true" duration-ms="80" started-at="2018-03-21T23:14:07Z" finished-at="2018-03-21T23:14:07Z">
          <reporter-output>
          </reporter-output>
        </test-method> <!-- teardown -->
      </class> <!-- com.naukri.executionEngine.Dropdown -->
    </test> <!-- Default test -->
  </suite> <!-- Default suite -->
</testng-results>
