<?xml version="1.0" encoding="UTF-8"?>
<!-- Generated by org.testng.reporters.JUnitXMLReporter -->
<testsuite hostname="HP-HP" name="Default test" tests="3" failures="0" timestamp="11 Mar 2018 17:37:28 GMT" time="37.322" errors="0">
  <testcase name="Logo" time="0.07" classname="com.crm.qa.Testcases.LoginPageTest"/>
  <testcase name="loginpagetitle" time="0.015" classname="com.crm.qa.Testcases.LoginPageTest"/>
  <testcase name="LoginTest" time="13.118" classname="com.crm.qa.Testcases.LoginPageTest"/>
</testsuite> <!-- Default test -->
